{
  "RSpec": {
    "coverage": {
      "/home/wendellopes/projects/dipaz-api/app/models/company.rb": {
        "lines": [
          1,
          1,
          1,
          null,
          1,
          null,
          1,
          1,
          null,
          null,
          null,
          1,
          1,
          null,
          1,
          null,
          1,
          11,
          null,
          0,
          0,
          null,
          null,
          1,
          11,
          null,
          0,
          0,
          null,
          null,
          1,
          11,
          null,
          null,
          1,
          11,
          null,
          null,
          1,
          0,
          null,
          0,
          null,
          null
        ]
      },
      "/home/wendellopes/projects/dipaz-api/app/models/application_record.rb": {
        "lines": [
          1,
          1,
          null
        ]
      },
      "/home/wendellopes/projects/dipaz-api/spec/models/register_spec.rb": {
        "lines": [
          1,
          null,
          1,
          1,
          1,
          1,
          null,
          null,
          1,
          1,
          1,
          1,
          1,
          1,
          1,
          1,
          1,
          null,
          null,
          1,
          1,
          1,
          null,
          1,
          1,
          1,
          1,
          1,
          null,
          null,
          1,
          1,
          1,
          1,
          1,
          1,
          1,
          1,
          null,
          null,
          1,
          1,
          null,
          null,
          1,
          1,
          1,
          null,
          1,
          1,
          1,
          1,
          null,
          1,
          0,
          null,
          null,
          1,
          0,
          null,
          null,
          1,
          0,
          null,
          null,
          null,
          null
        ]
      },
      "/home/wendellopes/projects/dipaz-api/app/models/register.rb": {
        "lines": [
          1,
          1,
          null,
          1,
          1,
          null,
          1,
          1,
          1,
          1,
          1,
          null,
          null,
          null,
          1,
          1,
          null,
          1,
          null,
          1,
          103,
          null,
          0,
          0,
          null,
          null,
          1,
          103,
          null,
          0,
          0,
          null,
          null,
          1,
          103,
          null,
          null,
          1,
          103,
          null,
          null,
          1,
          0,
          null,
          0,
          null,
          null
        ]
      },
      "/home/wendellopes/projects/dipaz-api/spec/models/user_spec.rb": {
        "lines": [
          1,
          null,
          1,
          1,
          1,
          null,
          null,
          1,
          1,
          1,
          1,
          null,
          null,
          1,
          1,
          null,
          1,
          1,
          1,
          null,
          null,
          1,
          1,
          1,
          1,
          null,
          null,
          1,
          1,
          null,
          null,
          1,
          1,
          null,
          null
        ]
      },
      "/home/wendellopes/projects/dipaz-api/spec/requests/api/v1/companies_spec.rb": {
        "lines": [
          1,
          null,
          1,
          1,
          1,
          1,
          1,
          null,
          0,
          null,
          null,
          null,
          null,
          null,
          null,
          null,
          1,
          1,
          1,
          0,
          0,
          0,
          null,
          null,
          1,
          1,
          1,
          1,
          null,
          null,
          1,
          1,
          1,
          0,
          0,
          null,
          null,
          1,
          1,
          0,
          null,
          null,
          null,
          null,
          1,
          1,
          0,
          0,
          null,
          null,
          1,
          1,
          1,
          1,
          0,
          null,
          null,
          null,
          1,
          1,
          1,
          1,
          null,
          1,
          1,
          1,
          1,
          null,
          null,
          null,
          null
        ]
      },
      "/home/wendellopes/projects/dipaz-api/spec/requests/api/v1/registers_spec.rb": {
        "lines": [
          1,
          null,
          1,
          11,
          10,
          10,
          1,
          null,
          9,
          null,
          null,
          null,
          null,
          null,
          null,
          null,
          1,
          1,
          6,
          1,
          5,
          5,
          null,
          null,
          2,
          2,
          2,
          2,
          1,
          1,
          null,
          null,
          null,
          1,
          2,
          1,
          1,
          1,
          null,
          null,
          2,
          null,
          null,
          null,
          1,
          3,
          null,
          1,
          1,
          2,
          null,
          null,
          1,
          1,
          null,
          1,
          1,
          null,
          null,
          null,
          1,
          3,
          null,
          1,
          1,
          null,
          1,
          1,
          null,
          null,
          null,
          null
        ]
      },
      "/home/wendellopes/projects/dipaz-api/spec/requests/users_spec.rb": {
        "lines": [
          1,
          null,
          1,
          1,
          1,
          1,
          null,
          0,
          null,
          null,
          null,
          null,
          null,
          null,
          null,
          1,
          1,
          1,
          null,
          1,
          0,
          null,
          1,
          0,
          null,
          null,
          null,
          1,
          1,
          0,
          0,
          null,
          null,
          1,
          0,
          null,
          null,
          null,
          null,
          1,
          1,
          null,
          1,
          1,
          null,
          null,
          null,
          null,
          1,
          0,
          null,
          null,
          null,
          1,
          1,
          null,
          1,
          0,
          null,
          1,
          0,
          null,
          null,
          null,
          null,
          1,
          1,
          null,
          1,
          1,
          null,
          1,
          0,
          null,
          1,
          0,
          null,
          null,
          null,
          1,
          1,
          null,
          1,
          0,
          null,
          1,
          0,
          null,
          null,
          null,
          null,
          1,
          1,
          null,
          1,
          1,
          0,
          null,
          1,
          0,
          null,
          null,
          null,
          null
        ]
      },
      "/home/wendellopes/projects/dipaz-api/app/controllers/api/v1/registers_controller.rb": {
        "lines": [
          1,
          1,
          null,
          1,
          1,
          null,
          1,
          5,
          5,
          null,
          null,
          1,
          4,
          2,
          null,
          2,
          null,
          null,
          1,
          null,
          1,
          9,
          null,
          null,
          null,
          null
        ]
      },
      "/home/wendellopes/projects/dipaz-api/app/controllers/api/v1/basic_controller.rb": {
        "lines": [
          1,
          1,
          null,
          1,
          1,
          null,
          null,
          null
        ]
      },
      "/home/wendellopes/projects/dipaz-api/app/controllers/application_controller.rb": {
        "lines": [
          1,
          1,
          null,
          1,
          null,
          1,
          null,
          1,
          0,
          null,
          null
        ]
      }
    },
    "timestamp": 1640563027
  }
}
